[2019-02-15T20:01:28.142] [DEBUG] cheese - login => username:admin,password:123456
[2019-02-15T20:01:28.144] [DEBUG] cheese - admin
[2019-02-15T20:01:28.177] [DEBUG] cheese - null
[2019-02-15T20:01:28.179] [DEBUG] cheese - null
[2019-02-15T20:01:32.333] [DEBUG] cheese - login => username:admin,password:123456
[2019-02-15T20:01:32.334] [DEBUG] cheese - admin
[2019-02-15T20:01:32.339] [DEBUG] cheese - null
[2019-02-15T20:01:32.340] [DEBUG] cheese - null
[2019-02-19T09:37:52.649] [DEBUG] cheese - login => username:admin,password:123456
[2019-02-19T09:37:52.652] [DEBUG] cheese - admin
[2019-02-19T09:37:52.694] [DEBUG] cheese - null
[2019-02-19T09:37:52.694] [DEBUG] cheese - null
[2019-02-19T09:37:59.295] [DEBUG] cheese - login => username:admin,password:123456
[2019-02-19T09:37:59.296] [DEBUG] cheese - admin
[2019-02-19T09:37:59.305] [DEBUG] cheese - null
[2019-02-19T09:37:59.305] [DEBUG] cheese - null
[2019-02-19T09:43:39.349] [DEBUG] cheese - login => username:admin,password:123456
[2019-02-19T09:43:39.349] [DEBUG] cheese - admin
[2019-02-19T09:43:39.356] [DEBUG] cheese - null
[2019-02-19T09:43:39.356] [DEBUG] cheese - null
[2019-02-19T09:45:25.578] [DEBUG] cheese - login => username:admin,password:123456
[2019-02-19T09:45:25.578] [DEBUG] cheese - admin
[2019-02-19T09:45:25.582] [DEBUG] cheese - null
[2019-02-19T09:45:25.582] [DEBUG] cheese - null
[2019-02-19T09:47:37.996] [DEBUG] cheese - login => username:admin,password:123456
[2019-02-19T09:47:37.996] [DEBUG] cheese - admin
[2019-02-19T09:47:38.000] [DEBUG] cheese - null
[2019-02-19T09:47:38.000] [DEBUG] cheese - null
[2019-02-19T15:24:43.995] [DEBUG] cheese - login => username:admin,password:123456
[2019-02-19T15:24:43.995] [DEBUG] cheese - admin
[2019-02-19T15:24:44.009] [DEBUG] cheese - null
[2019-02-19T15:24:44.009] [DEBUG] cheese - null
[2019-02-19T15:26:37.076] [DEBUG] cheese - login => username:admin,password:123456
[2019-02-19T15:26:37.076] [DEBUG] cheese - admin
[2019-02-19T15:26:37.081] [DEBUG] cheese - null
[2019-02-19T15:26:37.082] [DEBUG] cheese - null
[2019-02-19T15:26:55.074] [DEBUG] cheese - login => username:admin,password:123456
[2019-02-19T15:26:55.074] [DEBUG] cheese - admin
[2019-02-19T15:26:55.084] [DEBUG] cheese - null
[2019-02-19T15:26:55.084] [DEBUG] cheese - null
[2019-02-19T15:56:46.723] [DEBUG] cheese - login => username:admin,password:123456
[2019-02-19T15:56:46.723] [DEBUG] cheese - admin
[2019-02-19T15:56:46.734] [DEBUG] cheese - null
[2019-02-19T15:56:46.734] [DEBUG] cheese - null
[2019-02-19T15:58:35.286] [DEBUG] cheese - login => username:admin,password:123456
[2019-02-19T15:58:35.286] [DEBUG] cheese - admin
[2019-02-19T15:58:35.289] [DEBUG] cheese - null
[2019-02-19T15:58:35.289] [DEBUG] cheese - null
[2019-02-19T17:55:32.637] [DEBUG] cheese - login => username:admin,password:123456
[2019-02-19T17:55:32.637] [DEBUG] cheese - admin
[2019-02-19T17:55:32.647] [DEBUG] cheese - null
[2019-02-19T17:55:32.647] [DEBUG] cheese - null
[2019-02-21T10:18:14.063] [DEBUG] cheese - login => username:admin,password:123456
[2019-02-21T10:18:14.070] [DEBUG] cheese - admin
[2019-02-21T10:18:14.148] [DEBUG] cheese - null
[2019-02-21T10:18:14.149] [DEBUG] cheese - null
[2019-02-21T11:25:47.489] [DEBUG] cheese - login => username:admin,password:123456
[2019-02-21T11:25:47.489] [DEBUG] cheese - admin
[2019-02-21T11:25:47.506] [DEBUG] cheese - null
[2019-02-21T11:25:47.506] [DEBUG] cheese - null
[2019-02-22T11:01:00.725] [DEBUG] cheese - login => username:admin,password:123456
[2019-02-22T11:01:00.727] [DEBUG] cheese - admin
[2019-02-22T11:01:00.770] [DEBUG] cheese - null
[2019-02-22T11:01:00.772] [DEBUG] cheese - null
[2019-02-22T14:28:55.378] [DEBUG] cheese - login => username:admin,password:123456
[2019-02-22T14:28:55.381] [DEBUG] cheese - admin
[2019-02-22T14:28:55.421] [DEBUG] cheese - null
[2019-02-22T14:28:55.422] [DEBUG] cheese - null
[2019-02-22T17:15:50.869] [DEBUG] cheese - login => username:admin,password:123456
[2019-02-22T17:15:50.870] [DEBUG] cheese - admin
[2019-02-22T17:15:50.877] [DEBUG] cheese - null
[2019-02-22T17:15:50.877] [DEBUG] cheese - null
[2019-02-24T11:35:12.324] [DEBUG] cheese - login => username:admin,password:123456
[2019-02-24T11:35:12.326] [DEBUG] cheese - admin
[2019-02-24T11:35:12.370] [DEBUG] cheese - null
[2019-02-24T11:35:12.371] [DEBUG] cheese - null
[2019-02-27T09:23:47.188] [DEBUG] cheese - login => username:admin,password:123456
[2019-02-27T09:23:47.190] [DEBUG] cheese - admin
[2019-02-27T09:23:47.223] [DEBUG] cheese - null
[2019-02-27T09:23:47.224] [DEBUG] cheese - null
[2019-02-28T09:50:57.906] [DEBUG] cheese - login => username:admin,password:123456
[2019-02-28T09:50:57.909] [DEBUG] cheese - admin
[2019-02-28T09:50:57.944] [DEBUG] cheese - null
[2019-02-28T09:50:57.945] [DEBUG] cheese - null
[2019-02-28T15:16:44.289] [DEBUG] cheese - null
[2019-02-28T15:17:00.618] [DEBUG] cheese - null
[2019-02-28T15:19:53.922] [DEBUG] cheese - null
[2019-02-28T15:22:24.314] [DEBUG] cheese - null
[2019-02-28T15:22:32.485] [DEBUG] cheese - null
[2019-02-28T15:22:40.802] [DEBUG] cheese - null
[2019-03-04T10:09:14.253] [DEBUG] cheese - login => username:admin,password:123456
[2019-03-04T10:09:14.255] [DEBUG] cheese - admin
[2019-03-04T10:09:14.295] [DEBUG] cheese - null
[2019-03-04T10:09:14.297] [DEBUG] cheese - null
[2019-03-05T11:12:05.616] [DEBUG] cheese - login => username:admin,password:123456
[2019-03-05T11:12:05.619] [DEBUG] cheese - admin
[2019-03-05T11:12:05.704] [DEBUG] cheese - null
[2019-03-05T11:12:05.705] [DEBUG] cheese - null
[2019-03-07T11:17:59.651] [DEBUG] cheese - login => username:admin,password:123456
[2019-03-07T11:17:59.653] [DEBUG] cheese - admin
[2019-03-07T11:17:59.696] [DEBUG] cheese - null
[2019-03-07T11:17:59.698] [DEBUG] cheese - null
[2019-03-11T11:01:25.302] [DEBUG] cheese - login => username:admin,password:123456
[2019-03-11T11:01:25.304] [DEBUG] cheese - admin
[2019-03-11T11:01:25.342] [DEBUG] cheese - null
[2019-03-11T11:01:25.343] [DEBUG] cheese - null
[2019-03-12T16:21:19.284] [DEBUG] cheese - login => username:admin,password:123456
[2019-03-12T16:21:19.287] [DEBUG] cheese - admin
[2019-03-12T16:21:19.327] [DEBUG] cheese - null
[2019-03-12T16:21:19.328] [DEBUG] cheese - null
[2019-03-13T13:01:03.746] [DEBUG] cheese - login => username:admin,password:123456
[2019-03-13T13:01:03.749] [DEBUG] cheese - admin
[2019-03-13T13:01:03.787] [DEBUG] cheese - null
[2019-03-13T13:01:03.788] [DEBUG] cheese - null
[2019-03-13T18:10:37.792] [DEBUG] cheese - login => username:admin,password:123456
[2019-03-13T18:10:37.792] [DEBUG] cheese - admin
[2019-03-13T18:10:37.798] [DEBUG] cheese - null
[2019-03-13T18:10:37.799] [DEBUG] cheese - null
[2019-03-14T09:52:27.182] [DEBUG] cheese - login => username:admin,password:123456
[2019-03-14T09:52:27.185] [DEBUG] cheese - admin
[2019-03-14T09:52:27.250] [DEBUG] cheese - null
[2019-03-14T09:52:27.252] [DEBUG] cheese - null
[2019-03-14T14:06:30.186] [DEBUG] cheese - login => username:admin,password:123456
[2019-03-14T14:06:30.187] [DEBUG] cheese - admin
[2019-03-14T14:06:30.192] [DEBUG] cheese - null
[2019-03-14T14:06:30.192] [DEBUG] cheese - null
[2019-03-18T10:37:32.940] [DEBUG] cheese - login => username:admin,password:123456
[2019-03-18T10:37:32.942] [DEBUG] cheese - admin
[2019-03-18T10:37:33.009] [DEBUG] cheese - null
[2019-03-18T10:37:33.012] [DEBUG] cheese - null
[2019-03-18T10:44:33.960] [DEBUG] cheese - login => username:admin,password:123456
[2019-03-18T10:44:33.960] [DEBUG] cheese - admin
[2019-03-18T10:44:33.965] [DEBUG] cheese - null
[2019-03-18T10:44:33.965] [DEBUG] cheese - null
[2019-03-18T11:10:26.359] [DEBUG] cheese - login => username:admin,password:123456
[2019-03-18T11:10:26.359] [DEBUG] cheese - admin
[2019-03-18T11:10:26.368] [DEBUG] cheese - null
[2019-03-18T11:10:26.368] [DEBUG] cheese - null
[2019-03-18T16:40:06.963] [DEBUG] cheese - login => username:admin,password:123456
[2019-03-18T16:40:06.963] [DEBUG] cheese - admin
[2019-03-18T16:40:06.990] [DEBUG] cheese - null
[2019-03-18T16:40:06.990] [DEBUG] cheese - null
[2019-03-18T16:44:12.003] [DEBUG] cheese - login => username:admin,password:123456
[2019-03-18T16:44:12.003] [DEBUG] cheese - admin
[2019-03-18T16:44:12.009] [DEBUG] cheese - null
[2019-03-18T16:44:12.009] [DEBUG] cheese - null
[2019-03-18T16:45:36.212] [DEBUG] cheese - login => username:admin,password:123456
[2019-03-18T16:45:36.213] [DEBUG] cheese - admin
[2019-03-18T16:45:36.218] [DEBUG] cheese - null
[2019-03-18T16:45:36.218] [DEBUG] cheese - null
[2019-03-18T16:53:31.337] [DEBUG] cheese - login => username:admin,password:123456
[2019-03-18T16:53:31.337] [DEBUG] cheese - admin
[2019-03-18T16:53:31.345] [DEBUG] cheese - null
[2019-03-18T16:53:31.345] [DEBUG] cheese - null
[2019-03-19T14:44:00.131] [DEBUG] cheese - login => username:admin,password:123456
[2019-03-19T14:44:00.136] [DEBUG] cheese - admin
[2019-03-19T14:44:00.195] [DEBUG] cheese - null
[2019-03-19T14:44:00.196] [DEBUG] cheese - null
[2019-03-19T15:54:15.897] [DEBUG] cheese - null
[2019-03-19T15:58:59.444] [DEBUG] cheese - null
[2019-03-19T21:36:04.485] [DEBUG] cheese - login => username:admin,password:123456
[2019-03-19T21:36:04.487] [DEBUG] cheese - admin
[2019-03-19T21:36:04.500] [DEBUG] cheese - null
[2019-03-19T21:36:04.502] [DEBUG] cheese - null
[2019-03-19T21:44:57.064] [DEBUG] cheese - login => username:admin,password:123456
[2019-03-19T21:44:57.065] [DEBUG] cheese - admin
[2019-03-19T21:44:57.068] [DEBUG] cheese - null
[2019-03-19T21:44:57.068] [DEBUG] cheese - null
[2019-03-20T11:00:25.466] [DEBUG] cheese - login => username:admin,password:123456
[2019-03-20T11:00:25.468] [DEBUG] cheese - admin
[2019-03-20T11:00:25.510] [DEBUG] cheese - null
[2019-03-20T11:00:25.511] [DEBUG] cheese - null
[2021-04-05T16:48:44.063] [DEBUG] cheese - login => username:admin,password:123456
[2021-04-05T16:48:44.066] [DEBUG] cheese - admin
[2021-04-05T16:48:44.101] [DEBUG] cheese - null
[2021-04-05T16:48:44.101] [DEBUG] cheese - null
[2021-04-05T19:51:35.119] [DEBUG] cheese - login => username:admin,password:123456
[2021-04-05T19:51:35.123] [DEBUG] cheese - admin
[2021-04-05T19:51:35.165] [DEBUG] cheese - null
[2021-04-05T19:51:35.165] [DEBUG] cheese - null
[2021-04-05T20:06:13.381] [DEBUG] cheese - login => username:admin,password:123456
[2021-04-05T20:06:13.381] [DEBUG] cheese - admin
[2021-04-05T20:06:13.385] [DEBUG] cheese - null
[2021-04-05T20:06:13.386] [DEBUG] cheese - null
[2021-04-05T20:17:53.020] [DEBUG] cheese - login => username:admin,password:123456
[2021-04-05T20:17:53.022] [DEBUG] cheese - admin
[2021-04-05T20:17:53.036] [DEBUG] cheese - null
[2021-04-05T20:17:53.036] [DEBUG] cheese - null
[2021-04-05T20:27:06.250] [DEBUG] cheese - login => username:admin,password:123456
[2021-04-05T20:27:06.251] [DEBUG] cheese - admin
[2021-04-05T20:27:06.259] [DEBUG] cheese - null
[2021-04-05T20:27:06.259] [DEBUG] cheese - null
[2021-04-06T15:35:16.877] [DEBUG] cheese - login => username:admin,password:123456
[2021-04-06T15:35:16.879] [DEBUG] cheese - admin
[2021-04-06T15:35:17.066] [DEBUG] cheese - null
[2021-04-06T15:35:17.068] [DEBUG] cheese - null
[2021-04-06T15:36:26.976] [DEBUG] cheese - login => username:admin,password:123456
[2021-04-06T15:36:26.976] [DEBUG] cheese - admin
[2021-04-06T15:36:26.980] [DEBUG] cheese - null
[2021-04-06T15:36:26.980] [DEBUG] cheese - null
[2021-04-06T15:37:04.770] [DEBUG] cheese - login => username:admin,password:123456
[2021-04-06T15:37:04.771] [DEBUG] cheese - admin
[2021-04-06T15:37:04.777] [DEBUG] cheese - null
[2021-04-06T15:37:04.777] [DEBUG] cheese - null
[2021-04-06T15:37:55.472] [DEBUG] cheese - login => username:admin,password:123456
[2021-04-06T15:37:55.472] [DEBUG] cheese - admin
[2021-04-06T15:37:55.476] [DEBUG] cheese - null
[2021-04-06T15:37:55.476] [DEBUG] cheese - null
[2021-04-06T15:38:48.186] [DEBUG] cheese - login => username:admin,password:123456
[2021-04-06T15:38:48.186] [DEBUG] cheese - admin
[2021-04-06T15:38:48.189] [DEBUG] cheese - null
[2021-04-06T15:38:48.189] [DEBUG] cheese - null
[2021-04-06T15:45:01.534] [DEBUG] cheese - login => username:admin,password:123456
[2021-04-06T15:45:01.534] [DEBUG] cheese - admin
[2021-04-06T15:45:01.536] [DEBUG] cheese - null
[2021-04-06T15:45:01.536] [DEBUG] cheese - null
[2021-04-06T15:50:29.316] [DEBUG] cheese - login => username:admin,password:123456
[2021-04-06T15:50:29.316] [DEBUG] cheese - admin
[2021-04-06T15:50:29.319] [DEBUG] cheese - null
[2021-04-06T15:50:29.319] [DEBUG] cheese - null
[2021-04-06T15:50:57.999] [DEBUG] cheese - login => username:admin,password:123456
[2021-04-06T15:50:57.999] [DEBUG] cheese - admin
[2021-04-06T15:50:58.003] [DEBUG] cheese - null
[2021-04-06T15:50:58.003] [DEBUG] cheese - null
[2021-04-06T15:58:45.342] [DEBUG] cheese - login => username:admin,password:123456
[2021-04-06T15:58:45.343] [DEBUG] cheese - admin
[2021-04-06T15:58:45.347] [DEBUG] cheese - null
[2021-04-06T15:58:45.347] [DEBUG] cheese - null
[2021-04-06T16:12:36.816] [DEBUG] cheese - login => username:admin,password:123456
[2021-04-06T16:12:36.817] [DEBUG] cheese - admin
[2021-04-06T16:12:36.822] [DEBUG] cheese - null
[2021-04-06T16:12:36.822] [DEBUG] cheese - null
[2021-04-06T16:29:31.337] [DEBUG] cheese - login => username:admin,password:123456
[2021-04-06T16:29:31.337] [DEBUG] cheese - admin
[2021-04-06T16:29:31.341] [DEBUG] cheese - null
[2021-04-06T16:29:31.341] [DEBUG] cheese - null
[2021-04-06T16:31:52.681] [DEBUG] cheese - login => username:admin,password:123456
[2021-04-06T16:31:52.681] [DEBUG] cheese - admin
[2021-04-06T16:31:52.685] [DEBUG] cheese - null
[2021-04-06T16:31:52.685] [DEBUG] cheese - null
[2021-04-06T16:32:15.538] [DEBUG] cheese - login => username:admin,password:123456
[2021-04-06T16:32:15.538] [DEBUG] cheese - admin
[2021-04-06T16:32:15.540] [DEBUG] cheese - null
[2021-04-06T16:32:15.541] [DEBUG] cheese - null
[2021-04-06T16:37:24.293] [DEBUG] cheese - login => username:admin,password:123456
[2021-04-06T16:37:24.293] [DEBUG] cheese - admin
[2021-04-06T16:37:24.296] [DEBUG] cheese - null
[2021-04-06T16:37:24.297] [DEBUG] cheese - null
[2021-04-06T16:50:30.536] [DEBUG] cheese - login => username:admin,password:123456
[2021-04-06T16:50:30.536] [DEBUG] cheese - admin
[2021-04-06T16:50:30.538] [DEBUG] cheese - null
[2021-04-06T16:50:30.538] [DEBUG] cheese - null
[2021-04-06T16:50:42.456] [DEBUG] cheese - login => username:admin,password:123456
[2021-04-06T16:50:42.457] [DEBUG] cheese - admin
[2021-04-06T16:50:42.459] [DEBUG] cheese - null
[2021-04-06T16:50:42.459] [DEBUG] cheese - null
[2021-04-06T16:52:51.186] [DEBUG] cheese - login => username:admin,password:123456
[2021-04-06T16:52:51.186] [DEBUG] cheese - admin
[2021-04-06T16:52:51.189] [DEBUG] cheese - null
[2021-04-06T16:52:51.189] [DEBUG] cheese - null
[2021-04-06T16:54:13.927] [DEBUG] cheese - login => username:admin,password:123456
[2021-04-06T16:54:13.927] [DEBUG] cheese - admin
[2021-04-06T16:54:13.930] [DEBUG] cheese - null
[2021-04-06T16:54:13.930] [DEBUG] cheese - null
[2021-04-06T16:57:07.966] [DEBUG] cheese - login => username:admin,password:123456
[2021-04-06T16:57:07.966] [DEBUG] cheese - admin
[2021-04-06T16:57:07.969] [DEBUG] cheese - null
[2021-04-06T16:57:07.969] [DEBUG] cheese - null
[2021-04-06T16:57:14.935] [DEBUG] cheese - login => username:admin,password:123456
[2021-04-06T16:57:14.936] [DEBUG] cheese - admin
[2021-04-06T16:57:14.938] [DEBUG] cheese - null
[2021-04-06T16:57:14.938] [DEBUG] cheese - null
[2021-04-06T20:36:55.070] [DEBUG] cheese - login => username:admin,password:123456
[2021-04-06T20:36:55.071] [DEBUG] cheese - admin
[2021-04-06T20:36:55.074] [DEBUG] cheese - null
[2021-04-06T20:36:55.075] [DEBUG] cheese - null
[2021-04-06T20:37:20.587] [DEBUG] cheese - login => username:admin,password:123456
[2021-04-06T20:37:20.587] [DEBUG] cheese - admin
[2021-04-06T20:37:20.589] [DEBUG] cheese - null
[2021-04-06T20:37:20.589] [DEBUG] cheese - null
[2021-04-06T20:40:10.946] [DEBUG] cheese - login => username:admin,password:123456
[2021-04-06T20:40:10.946] [DEBUG] cheese - admin
[2021-04-06T20:40:10.950] [DEBUG] cheese - null
[2021-04-06T20:40:10.951] [DEBUG] cheese - null
[2021-04-06T20:41:28.892] [DEBUG] cheese - login => username:home ,password:login
[2021-04-06T20:41:28.892] [DEBUG] cheese - home 
[2021-04-06T20:41:28.902] [DEBUG] cheese - null
[2021-04-06T20:41:28.903] [DEBUG] cheese - null
[2021-04-06T21:12:54.911] [DEBUG] cheese - login => username:admin,password:123456
[2021-04-06T21:12:54.911] [DEBUG] cheese - admin
[2021-04-06T21:12:54.914] [DEBUG] cheese - null
[2021-04-06T21:12:54.914] [DEBUG] cheese - null
[2021-04-06T21:23:39.783] [DEBUG] cheese - login => username:admin,password:123456
[2021-04-06T21:23:39.783] [DEBUG] cheese - admin
[2021-04-06T21:23:39.787] [DEBUG] cheese - null
[2021-04-06T21:23:39.787] [DEBUG] cheese - null
[2021-04-06T21:24:04.786] [DEBUG] cheese - login => username:admin,password:123456
[2021-04-06T21:24:04.786] [DEBUG] cheese - admin
[2021-04-06T21:24:04.789] [DEBUG] cheese - null
[2021-04-06T21:24:04.789] [DEBUG] cheese - null
